0 info it worked if it ends with ok
1 verbose cli [ 'C:\\Users\\leo\\AppData\\Roaming\\Sublime Text 3\\Packages\\HTML-CSS-JS Prettify\\node.exe',
1 verbose cli   'C:\\Users\\leo\\AppData\\Roaming\\Sublime Text 3\\Packages\\HTML-CSS-JS Prettify\\node_modules\\npm\\bin\\npm-cli.js',
1 verbose cli   'run',
1 verbose cli   'dev' ]
2 info using npm@3.8.9
3 info using node@v6.2.0
4 verbose stack Error: ENOENT: no such file or directory, open 'D:\vue\LGblog\package.json'
4 verbose stack     at Error (native)
5 verbose cwd D:\vue\LGblog
6 error Windows_NT 10.0.10586
7 error argv "C:\\Users\\leo\\AppData\\Roaming\\Sublime Text 3\\Packages\\HTML-CSS-JS Prettify\\node.exe" "C:\\Users\\leo\\AppData\\Roaming\\Sublime Text 3\\Packages\\HTML-CSS-JS Prettify\\node_modules\\npm\\bin\\npm-cli.js" "run" "dev"
8 error node v6.2.0
9 error npm  v3.8.9
10 error path D:\vue\LGblog\package.json
11 error code ENOENT
12 error errno -4058
13 error syscall open
14 error enoent ENOENT: no such file or directory, open 'D:\vue\LGblog\package.json'
15 error enoent ENOENT: no such file or directory, open 'D:\vue\LGblog\package.json'
15 error enoent This is most likely not a problem with npm itself
15 error enoent and is related to npm not being able to find a file.
16 verbose exit [ -4058, true ]
